<?xml version="1.0" encoding="UTF-8"?>
<!-- Generated by org.testng.reporters.JUnitReportReporter -->
<testsuite hostname="Lenovo" failures="0" tests="9" name="QAInfo.TaTocAdvance.tatoc" time="63.394" errors="0" timestamp="15 Aug 2018 11:57:50 GMT" skipped="0">
  <testcase classname="QAInfo.TaTocAdvance.tatoc" name="hoverMenu" time="4.164"/>
  <testcase classname="QAInfo.TaTocAdvance.tatoc" name="hoverMenu" time="1.036"/>
  <testcase classname="QAInfo.TaTocAdvance.tatoc" name="hoverMenu" time="1.612"/>
  <testcase classname="QAInfo.TaTocAdvance.tatoc" name="connectToDB" time="35.855"/>
  <testcase classname="QAInfo.TaTocAdvance.tatoc" name="connectToDB" time="14.028"/>
  <testcase classname="QAInfo.TaTocAdvance.tatoc" name="connectToDB" time="6.698"/>
  <testcase classname="QAInfo.TaTocAdvance.tatoc" name="videoPlayer" time="0.000"/>
  <testcase classname="QAInfo.TaTocAdvance.tatoc" name="videoPlayer" time="0.001"/>
  <testcase classname="QAInfo.TaTocAdvance.tatoc" name="videoPlayer" time="0.000"/>
</testsuite> <!-- QAInfo.TaTocAdvance.tatoc -->
